ERROR - 2025-06-22 10:43:21 --> Error connecting to the database: mysqli_sql_exception: No connection could be made because the target machine actively refused it in C:\xampp.8.2\htdocs\keuangan_rt\system\Database\MySQLi\Connection.php:201
Stack trace:
#0 C:\xampp.8.2\htdocs\keuangan_rt\system\Database\MySQLi\Connection.php(201): mysqli->real_connect('localhost', 'root', Object(SensitiveParameterValue), 'keuangan_rt', 3306, '', 0)
#1 C:\xampp.8.2\htdocs\keuangan_rt\system\Database\BaseConnection.php(421): CodeIgniter\Database\MySQLi\Connection->connect(false)
#2 C:\xampp.8.2\htdocs\keuangan_rt\system\Database\BaseConnection.php(620): CodeIgniter\Database\BaseConnection->initialize()
#3 C:\xampp.8.2\htdocs\keuangan_rt\system\Database\BaseBuilder.php(1678): CodeIgniter\Database\BaseConnection->query('SELECT COUNT(*)...', NULL, false)
#4 C:\xampp.8.2\htdocs\keuangan_rt\system\Model.php(928): CodeIgniter\Database\BaseBuilder->countAll()
#5 C:\xampp.8.2\htdocs\keuangan_rt\app\Controllers\Dashboard.php(17): CodeIgniter\Model->__call('countAll', Array)
#6 C:\xampp.8.2\htdocs\keuangan_rt\system\CodeIgniter.php(933): App\Controllers\Dashboard->index()
#7 C:\xampp.8.2\htdocs\keuangan_rt\system\CodeIgniter.php(507): CodeIgniter\CodeIgniter->runController(Object(App\Controllers\Dashboard))
#8 C:\xampp.8.2\htdocs\keuangan_rt\system\CodeIgniter.php(354): CodeIgniter\CodeIgniter->handleRequest(NULL, Object(Config\Cache), false)
#9 C:\xampp.8.2\htdocs\keuangan_rt\system\Boot.php(334): CodeIgniter\CodeIgniter->run()
#10 C:\xampp.8.2\htdocs\keuangan_rt\system\Boot.php(67): CodeIgniter\Boot::runCodeIgniter(Object(CodeIgniter\CodeIgniter))
#11 C:\xampp.8.2\htdocs\keuangan_rt\public\index.php(56): CodeIgniter\Boot::bootWeb(Object(Config\Paths))
#12 C:\xampp.8.2\htdocs\keuangan_rt\system\rewrite.php(44): require_once('C:\\xampp.8.2\\ht...')
#13 {main}

Next CodeIgniter\Database\Exceptions\DatabaseException: No connection could be made because the target machine actively refused it in C:\xampp.8.2\htdocs\keuangan_rt\system\Database\MySQLi\Connection.php:246
Stack trace:
#0 C:\xampp.8.2\htdocs\keuangan_rt\system\Database\BaseConnection.php(421): CodeIgniter\Database\MySQLi\Connection->connect(false)
#1 C:\xampp.8.2\htdocs\keuangan_rt\system\Database\BaseConnection.php(620): CodeIgniter\Database\BaseConnection->initialize()
#2 C:\xampp.8.2\htdocs\keuangan_rt\system\Database\BaseBuilder.php(1678): CodeIgniter\Database\BaseConnection->query('SELECT COUNT(*)...', NULL, false)
#3 C:\xampp.8.2\htdocs\keuangan_rt\system\Model.php(928): CodeIgniter\Database\BaseBuilder->countAll()
#4 C:\xampp.8.2\htdocs\keuangan_rt\app\Controllers\Dashboard.php(17): CodeIgniter\Model->__call('countAll', Array)
#5 C:\xampp.8.2\htdocs\keuangan_rt\system\CodeIgniter.php(933): App\Controllers\Dashboard->index()
#6 C:\xampp.8.2\htdocs\keuangan_rt\system\CodeIgniter.php(507): CodeIgniter\CodeIgniter->runController(Object(App\Controllers\Dashboard))
#7 C:\xampp.8.2\htdocs\keuangan_rt\system\CodeIgniter.php(354): CodeIgniter\CodeIgniter->handleRequest(NULL, Object(Config\Cache), false)
#8 C:\xampp.8.2\htdocs\keuangan_rt\system\Boot.php(334): CodeIgniter\CodeIgniter->run()
#9 C:\xampp.8.2\htdocs\keuangan_rt\system\Boot.php(67): CodeIgniter\Boot::runCodeIgniter(Object(CodeIgniter\CodeIgniter))
#10 C:\xampp.8.2\htdocs\keuangan_rt\public\index.php(56): CodeIgniter\Boot::bootWeb(Object(Config\Paths))
#11 C:\xampp.8.2\htdocs\keuangan_rt\system\rewrite.php(44): require_once('C:\\xampp.8.2\\ht...')
#12 {main}
CRITICAL - 2025-06-22 10:43:22 --> CodeIgniter\Database\Exceptions\DatabaseException: Unable to connect to the database.
Main connection [MySQLi]: No connection could be made because the target machine actively refused it
[Method: GET, Route: /]
in SYSTEMPATH\Database\BaseConnection.php on line 467.
 1 SYSTEMPATH\Database\BaseConnection.php(620): CodeIgniter\Database\BaseConnection->initialize()
 2 SYSTEMPATH\Database\BaseBuilder.php(1678): CodeIgniter\Database\BaseConnection->query('SELECT COUNT(*) AS `numrows` FROM `warga`', null, false)
 3 SYSTEMPATH\Model.php(928): CodeIgniter\Database\BaseBuilder->countAll()
 4 APPPATH\Controllers\Dashboard.php(17): CodeIgniter\Model->__call('countAll', [])
 5 SYSTEMPATH\CodeIgniter.php(933): App\Controllers\Dashboard->index()
 6 SYSTEMPATH\CodeIgniter.php(507): CodeIgniter\CodeIgniter->runController(Object(App\Controllers\Dashboard))
 7 SYSTEMPATH\CodeIgniter.php(354): CodeIgniter\CodeIgniter->handleRequest(null, Object(Config\Cache), false)
 8 SYSTEMPATH\Boot.php(334): CodeIgniter\CodeIgniter->run()
 9 SYSTEMPATH\Boot.php(67): CodeIgniter\Boot::runCodeIgniter(Object(CodeIgniter\CodeIgniter))
10 FCPATH\index.php(56): CodeIgniter\Boot::bootWeb(Object(Config\Paths))
11 SYSTEMPATH\rewrite.php(44): require_once('C:\\xampp.8.2\\htdocs\\keuangan_rt\\public\\index.php')
