ERROR - 2025-06-23 14:00:02 --> mysqli_sql_exception: Unknown column 'jenis' in 'where clause' in C:\xampp.8.2\htdocs\keuangan_rt\system\Database\MySQLi\Connection.php:327
Stack trace:
#0 C:\xampp.8.2\htdocs\keuangan_rt\system\Database\MySQLi\Connection.php(327): mysqli->query('SELECT SUM(`jum...', 0)
#1 C:\xampp.8.2\htdocs\keuangan_rt\system\Database\BaseConnection.php(738): CodeIgniter\Database\MySQLi\Connection->execute('SELECT SUM(`jum...')
#2 C:\xampp.8.2\htdocs\keuangan_rt\system\Database\BaseConnection.php(652): CodeIgniter\Database\BaseConnection->simpleQuery('SELECT SUM(`jum...')
#3 C:\xampp.8.2\htdocs\keuangan_rt\system\Database\BaseBuilder.php(1649): CodeIgniter\Database\BaseConnection->query('SELECT SUM(`jum...', Array, false)
#4 C:\xampp.8.2\htdocs\keuangan_rt\system\Model.php(330): CodeIgniter\Database\BaseBuilder->get()
#5 C:\xampp.8.2\htdocs\keuangan_rt\system\BaseModel.php(713): CodeIgniter\Model->doFirst()
#6 C:\xampp.8.2\htdocs\keuangan_rt\app\Controllers\Dashboard.php(227): CodeIgniter\BaseModel->first()
#7 C:\xampp.8.2\htdocs\keuangan_rt\app\Controllers\Dashboard.php(139): App\Controllers\Dashboard->getTotalPemasukan()
#8 C:\xampp.8.2\htdocs\keuangan_rt\app\Controllers\Dashboard.php(29): App\Controllers\Dashboard->calculateSaldoKas()
#9 C:\xampp.8.2\htdocs\keuangan_rt\system\CodeIgniter.php(933): App\Controllers\Dashboard->index()
#10 C:\xampp.8.2\htdocs\keuangan_rt\system\CodeIgniter.php(507): CodeIgniter\CodeIgniter->runController(Object(App\Controllers\Dashboard))
#11 C:\xampp.8.2\htdocs\keuangan_rt\system\CodeIgniter.php(354): CodeIgniter\CodeIgniter->handleRequest(NULL, Object(Config\Cache), false)
#12 C:\xampp.8.2\htdocs\keuangan_rt\system\Boot.php(334): CodeIgniter\CodeIgniter->run()
#13 C:\xampp.8.2\htdocs\keuangan_rt\system\Boot.php(67): CodeIgniter\Boot::runCodeIgniter(Object(CodeIgniter\CodeIgniter))
#14 C:\xampp.8.2\htdocs\keuangan_rt\public\index.php(56): CodeIgniter\Boot::bootWeb(Object(Config\Paths))
#15 C:\xampp.8.2\htdocs\keuangan_rt\system\rewrite.php(44): require_once('C:\\xampp.8.2\\ht...')
#16 {main}
CRITICAL - 2025-06-23 14:00:02 --> CodeIgniter\Database\Exceptions\DatabaseException: Unknown column 'jenis' in 'where clause'
[Method: GET, Route: /]
in SYSTEMPATH\Database\BaseConnection.php on line 692.
 1 SYSTEMPATH\Database\BaseBuilder.php(1649): CodeIgniter\Database\BaseConnection->query('SELECT SUM(`jumlah`) AS `jumlah`
FROM `iuran`
WHERE `jenis` = :jenis:
 LIMIT 1', [...], false)
 2 SYSTEMPATH\Model.php(330): CodeIgniter\Database\BaseBuilder->get()
 3 SYSTEMPATH\BaseModel.php(713): CodeIgniter\Model->doFirst()
 4 APPPATH\Controllers\Dashboard.php(227): CodeIgniter\BaseModel->first()
 5 APPPATH\Controllers\Dashboard.php(139): App\Controllers\Dashboard->getTotalPemasukan()
 6 APPPATH\Controllers\Dashboard.php(29): App\Controllers\Dashboard->calculateSaldoKas()
 7 SYSTEMPATH\CodeIgniter.php(933): App\Controllers\Dashboard->index()
 8 SYSTEMPATH\CodeIgniter.php(507): CodeIgniter\CodeIgniter->runController(Object(App\Controllers\Dashboard))
 9 SYSTEMPATH\CodeIgniter.php(354): CodeIgniter\CodeIgniter->handleRequest(null, Object(Config\Cache), false)
10 SYSTEMPATH\Boot.php(334): CodeIgniter\CodeIgniter->run()
11 SYSTEMPATH\Boot.php(67): CodeIgniter\Boot::runCodeIgniter(Object(CodeIgniter\CodeIgniter))
12 FCPATH\index.php(56): CodeIgniter\Boot::bootWeb(Object(Config\Paths))
13 SYSTEMPATH\rewrite.php(44): require_once('C:\\xampp.8.2\\htdocs\\keuangan_rt\\public\\index.php')
CRITICAL - 2025-06-23 14:00:02 --> [Caused by] CodeIgniter\Database\Exceptions\DatabaseException: Unknown column 'jenis' in 'where clause'
in SYSTEMPATH\Database\MySQLi\Connection.php on line 332.
 1 SYSTEMPATH\Database\BaseConnection.php(738): CodeIgniter\Database\MySQLi\Connection->execute('SELECT SUM(`jumlah`) AS `jumlah`
FROM `iuran`
WHERE `jenis` = \'pemasukan\'
 LIMIT 1')
 2 SYSTEMPATH\Database\BaseConnection.php(652): CodeIgniter\Database\BaseConnection->simpleQuery('SELECT SUM(`jumlah`) AS `jumlah`
FROM `iuran`
WHERE `jenis` = \'pemasukan\'
 LIMIT 1')
 3 SYSTEMPATH\Database\BaseBuilder.php(1649): CodeIgniter\Database\BaseConnection->query('SELECT SUM(`jumlah`) AS `jumlah`
FROM `iuran`
WHERE `jenis` = :jenis:
 LIMIT 1', [...], false)
 4 SYSTEMPATH\Model.php(330): CodeIgniter\Database\BaseBuilder->get()
 5 SYSTEMPATH\BaseModel.php(713): CodeIgniter\Model->doFirst()
 6 APPPATH\Controllers\Dashboard.php(227): CodeIgniter\BaseModel->first()
 7 APPPATH\Controllers\Dashboard.php(139): App\Controllers\Dashboard->getTotalPemasukan()
 8 APPPATH\Controllers\Dashboard.php(29): App\Controllers\Dashboard->calculateSaldoKas()
 9 SYSTEMPATH\CodeIgniter.php(933): App\Controllers\Dashboard->index()
10 SYSTEMPATH\CodeIgniter.php(507): CodeIgniter\CodeIgniter->runController(Object(App\Controllers\Dashboard))
11 SYSTEMPATH\CodeIgniter.php(354): CodeIgniter\CodeIgniter->handleRequest(null, Object(Config\Cache), false)
12 SYSTEMPATH\Boot.php(334): CodeIgniter\CodeIgniter->run()
13 SYSTEMPATH\Boot.php(67): CodeIgniter\Boot::runCodeIgniter(Object(CodeIgniter\CodeIgniter))
14 FCPATH\index.php(56): CodeIgniter\Boot::bootWeb(Object(Config\Paths))
15 SYSTEMPATH\rewrite.php(44): require_once('C:\\xampp.8.2\\htdocs\\keuangan_rt\\public\\index.php')
CRITICAL - 2025-06-23 14:00:02 --> [Caused by] mysqli_sql_exception: Unknown column 'jenis' in 'where clause'
in SYSTEMPATH\Database\MySQLi\Connection.php on line 327.
 1 SYSTEMPATH\Database\MySQLi\Connection.php(327): mysqli->query('SELECT SUM(`jumlah`) AS `jumlah`
FROM `iuran`
WHERE `jenis` = \'pemasukan\'
 LIMIT 1', 0)
 2 SYSTEMPATH\Database\BaseConnection.php(738): CodeIgniter\Database\MySQLi\Connection->execute('SELECT SUM(`jumlah`) AS `jumlah`
FROM `iuran`
WHERE `jenis` = \'pemasukan\'
 LIMIT 1')
 3 SYSTEMPATH\Database\BaseConnection.php(652): CodeIgniter\Database\BaseConnection->simpleQuery('SELECT SUM(`jumlah`) AS `jumlah`
FROM `iuran`
WHERE `jenis` = \'pemasukan\'
 LIMIT 1')
 4 SYSTEMPATH\Database\BaseBuilder.php(1649): CodeIgniter\Database\BaseConnection->query('SELECT SUM(`jumlah`) AS `jumlah`
FROM `iuran`
WHERE `jenis` = :jenis:
 LIMIT 1', [...], false)
 5 SYSTEMPATH\Model.php(330): CodeIgniter\Database\BaseBuilder->get()
 6 SYSTEMPATH\BaseModel.php(713): CodeIgniter\Model->doFirst()
 7 APPPATH\Controllers\Dashboard.php(227): CodeIgniter\BaseModel->first()
 8 APPPATH\Controllers\Dashboard.php(139): App\Controllers\Dashboard->getTotalPemasukan()
 9 APPPATH\Controllers\Dashboard.php(29): App\Controllers\Dashboard->calculateSaldoKas()
10 SYSTEMPATH\CodeIgniter.php(933): App\Controllers\Dashboard->index()
11 SYSTEMPATH\CodeIgniter.php(507): CodeIgniter\CodeIgniter->runController(Object(App\Controllers\Dashboard))
12 SYSTEMPATH\CodeIgniter.php(354): CodeIgniter\CodeIgniter->handleRequest(null, Object(Config\Cache), false)
13 SYSTEMPATH\Boot.php(334): CodeIgniter\CodeIgniter->run()
14 SYSTEMPATH\Boot.php(67): CodeIgniter\Boot::runCodeIgniter(Object(CodeIgniter\CodeIgniter))
15 FCPATH\index.php(56): CodeIgniter\Boot::bootWeb(Object(Config\Paths))
16 SYSTEMPATH\rewrite.php(44): require_once('C:\\xampp.8.2\\htdocs\\keuangan_rt\\public\\index.php')
ERROR - 2025-06-23 14:02:36 --> mysqli_sql_exception: Unknown column 'tanggal_bayar' in 'where clause' in C:\xampp.8.2\htdocs\keuangan_rt\system\Database\MySQLi\Connection.php:327
Stack trace:
#0 C:\xampp.8.2\htdocs\keuangan_rt\system\Database\MySQLi\Connection.php(327): mysqli->query('SELECT SUM(`jum...', 0)
#1 C:\xampp.8.2\htdocs\keuangan_rt\system\Database\BaseConnection.php(738): CodeIgniter\Database\MySQLi\Connection->execute('SELECT SUM(`jum...')
#2 C:\xampp.8.2\htdocs\keuangan_rt\system\Database\BaseConnection.php(652): CodeIgniter\Database\BaseConnection->simpleQuery('SELECT SUM(`jum...')
#3 C:\xampp.8.2\htdocs\keuangan_rt\system\Database\BaseBuilder.php(1649): CodeIgniter\Database\BaseConnection->query('SELECT SUM(`jum...', Array, false)
#4 C:\xampp.8.2\htdocs\keuangan_rt\system\Model.php(330): CodeIgniter\Database\BaseBuilder->get()
#5 C:\xampp.8.2\htdocs\keuangan_rt\system\BaseModel.php(713): CodeIgniter\Model->doFirst()
#6 C:\xampp.8.2\htdocs\keuangan_rt\app\Controllers\Dashboard.php(220): CodeIgniter\BaseModel->first()
#7 C:\xampp.8.2\htdocs\keuangan_rt\app\Controllers\Dashboard.php(34): App\Controllers\Dashboard->getIuranBulanIni()
#8 C:\xampp.8.2\htdocs\keuangan_rt\system\CodeIgniter.php(933): App\Controllers\Dashboard->index()
#9 C:\xampp.8.2\htdocs\keuangan_rt\system\CodeIgniter.php(507): CodeIgniter\CodeIgniter->runController(Object(App\Controllers\Dashboard))
#10 C:\xampp.8.2\htdocs\keuangan_rt\system\CodeIgniter.php(354): CodeIgniter\CodeIgniter->handleRequest(NULL, Object(Config\Cache), false)
#11 C:\xampp.8.2\htdocs\keuangan_rt\system\Boot.php(334): CodeIgniter\CodeIgniter->run()
#12 C:\xampp.8.2\htdocs\keuangan_rt\system\Boot.php(67): CodeIgniter\Boot::runCodeIgniter(Object(CodeIgniter\CodeIgniter))
#13 C:\xampp.8.2\htdocs\keuangan_rt\public\index.php(56): CodeIgniter\Boot::bootWeb(Object(Config\Paths))
#14 C:\xampp.8.2\htdocs\keuangan_rt\system\rewrite.php(44): require_once('C:\\xampp.8.2\\ht...')
#15 {main}
CRITICAL - 2025-06-23 14:02:36 --> CodeIgniter\Database\Exceptions\DatabaseException: Unknown column 'tanggal_bayar' in 'where clause'
[Method: GET, Route: /]
in SYSTEMPATH\Database\BaseConnection.php on line 692.
 1 SYSTEMPATH\Database\BaseBuilder.php(1649): CodeIgniter\Database\BaseConnection->query('SELECT SUM(`jumlah`) AS `jumlah`
FROM `iuran`
WHERE MONTH(tanggal_bayar) = :MONTH(tanggal_bayar):
AND YEAR(tanggal_bayar) = :YEAR(tanggal_bayar):
AND `status` = :status:
 LIMIT 1', [...], false)
 2 SYSTEMPATH\Model.php(330): CodeIgniter\Database\BaseBuilder->get()
 3 SYSTEMPATH\BaseModel.php(713): CodeIgniter\Model->doFirst()
 4 APPPATH\Controllers\Dashboard.php(220): CodeIgniter\BaseModel->first()
 5 APPPATH\Controllers\Dashboard.php(34): App\Controllers\Dashboard->getIuranBulanIni()
 6 SYSTEMPATH\CodeIgniter.php(933): App\Controllers\Dashboard->index()
 7 SYSTEMPATH\CodeIgniter.php(507): CodeIgniter\CodeIgniter->runController(Object(App\Controllers\Dashboard))
 8 SYSTEMPATH\CodeIgniter.php(354): CodeIgniter\CodeIgniter->handleRequest(null, Object(Config\Cache), false)
 9 SYSTEMPATH\Boot.php(334): CodeIgniter\CodeIgniter->run()
10 SYSTEMPATH\Boot.php(67): CodeIgniter\Boot::runCodeIgniter(Object(CodeIgniter\CodeIgniter))
11 FCPATH\index.php(56): CodeIgniter\Boot::bootWeb(Object(Config\Paths))
12 SYSTEMPATH\rewrite.php(44): require_once('C:\\xampp.8.2\\htdocs\\keuangan_rt\\public\\index.php')
CRITICAL - 2025-06-23 14:02:36 --> [Caused by] CodeIgniter\Database\Exceptions\DatabaseException: Unknown column 'tanggal_bayar' in 'where clause'
in SYSTEMPATH\Database\MySQLi\Connection.php on line 332.
 1 SYSTEMPATH\Database\BaseConnection.php(738): CodeIgniter\Database\MySQLi\Connection->execute('SELECT SUM(`jumlah`) AS `jumlah`
FROM `iuran`
WHERE MONTH(tanggal_bayar) = \'06\'
AND YEAR(tanggal_bayar) = \'2025\'
AND `status` = \'lunas\'
 LIMIT 1')
 2 SYSTEMPATH\Database\BaseConnection.php(652): CodeIgniter\Database\BaseConnection->simpleQuery('SELECT SUM(`jumlah`) AS `jumlah`
FROM `iuran`
WHERE MONTH(tanggal_bayar) = \'06\'
AND YEAR(tanggal_bayar) = \'2025\'
AND `status` = \'lunas\'
 LIMIT 1')
 3 SYSTEMPATH\Database\BaseBuilder.php(1649): CodeIgniter\Database\BaseConnection->query('SELECT SUM(`jumlah`) AS `jumlah`
FROM `iuran`
WHERE MONTH(tanggal_bayar) = :MONTH(tanggal_bayar):
AND YEAR(tanggal_bayar) = :YEAR(tanggal_bayar):
AND `status` = :status:
 LIMIT 1', [...], false)
 4 SYSTEMPATH\Model.php(330): CodeIgniter\Database\BaseBuilder->get()
 5 SYSTEMPATH\BaseModel.php(713): CodeIgniter\Model->doFirst()
 6 APPPATH\Controllers\Dashboard.php(220): CodeIgniter\BaseModel->first()
 7 APPPATH\Controllers\Dashboard.php(34): App\Controllers\Dashboard->getIuranBulanIni()
 8 SYSTEMPATH\CodeIgniter.php(933): App\Controllers\Dashboard->index()
 9 SYSTEMPATH\CodeIgniter.php(507): CodeIgniter\CodeIgniter->runController(Object(App\Controllers\Dashboard))
10 SYSTEMPATH\CodeIgniter.php(354): CodeIgniter\CodeIgniter->handleRequest(null, Object(Config\Cache), false)
11 SYSTEMPATH\Boot.php(334): CodeIgniter\CodeIgniter->run()
12 SYSTEMPATH\Boot.php(67): CodeIgniter\Boot::runCodeIgniter(Object(CodeIgniter\CodeIgniter))
13 FCPATH\index.php(56): CodeIgniter\Boot::bootWeb(Object(Config\Paths))
14 SYSTEMPATH\rewrite.php(44): require_once('C:\\xampp.8.2\\htdocs\\keuangan_rt\\public\\index.php')
CRITICAL - 2025-06-23 14:02:36 --> [Caused by] mysqli_sql_exception: Unknown column 'tanggal_bayar' in 'where clause'
in SYSTEMPATH\Database\MySQLi\Connection.php on line 327.
 1 SYSTEMPATH\Database\MySQLi\Connection.php(327): mysqli->query('SELECT SUM(`jumlah`) AS `jumlah`
FROM `iuran`
WHERE MONTH(tanggal_bayar) = \'06\'
AND YEAR(tanggal_bayar) = \'2025\'
AND `status` = \'lunas\'
 LIMIT 1', 0)
 2 SYSTEMPATH\Database\BaseConnection.php(738): CodeIgniter\Database\MySQLi\Connection->execute('SELECT SUM(`jumlah`) AS `jumlah`
FROM `iuran`
WHERE MONTH(tanggal_bayar) = \'06\'
AND YEAR(tanggal_bayar) = \'2025\'
AND `status` = \'lunas\'
 LIMIT 1')
 3 SYSTEMPATH\Database\BaseConnection.php(652): CodeIgniter\Database\BaseConnection->simpleQuery('SELECT SUM(`jumlah`) AS `jumlah`
FROM `iuran`
WHERE MONTH(tanggal_bayar) = \'06\'
AND YEAR(tanggal_bayar) = \'2025\'
AND `status` = \'lunas\'
 LIMIT 1')
 4 SYSTEMPATH\Database\BaseBuilder.php(1649): CodeIgniter\Database\BaseConnection->query('SELECT SUM(`jumlah`) AS `jumlah`
FROM `iuran`
WHERE MONTH(tanggal_bayar) = :MONTH(tanggal_bayar):
AND YEAR(tanggal_bayar) = :YEAR(tanggal_bayar):
AND `status` = :status:
 LIMIT 1', [...], false)
 5 SYSTEMPATH\Model.php(330): CodeIgniter\Database\BaseBuilder->get()
 6 SYSTEMPATH\BaseModel.php(713): CodeIgniter\Model->doFirst()
 7 APPPATH\Controllers\Dashboard.php(220): CodeIgniter\BaseModel->first()
 8 APPPATH\Controllers\Dashboard.php(34): App\Controllers\Dashboard->getIuranBulanIni()
 9 SYSTEMPATH\CodeIgniter.php(933): App\Controllers\Dashboard->index()
10 SYSTEMPATH\CodeIgniter.php(507): CodeIgniter\CodeIgniter->runController(Object(App\Controllers\Dashboard))
11 SYSTEMPATH\CodeIgniter.php(354): CodeIgniter\CodeIgniter->handleRequest(null, Object(Config\Cache), false)
12 SYSTEMPATH\Boot.php(334): CodeIgniter\CodeIgniter->run()
13 SYSTEMPATH\Boot.php(67): CodeIgniter\Boot::runCodeIgniter(Object(CodeIgniter\CodeIgniter))
14 FCPATH\index.php(56): CodeIgniter\Boot::bootWeb(Object(Config\Paths))
15 SYSTEMPATH\rewrite.php(44): require_once('C:\\xampp.8.2\\htdocs\\keuangan_rt\\public\\index.php')
DEBUG - 2025-06-23 14:56:37 --> Session: Class initialized using 'CodeIgniter\Session\Handlers\FileHandler' driver.
CRITICAL - 2025-06-23 15:09:03 --> ErrorException: Undefined array key "kategori"
[Method: GET, Route: transaksi]
in APPPATH\Views\transaksi\index.php on line 120.
 1 APPPATH\Views\transaksi\index.php(120): CodeIgniter\Debug\Exceptions->errorHandler(2, 'Undefined array key "kategori"', 'C:\\xampp.8.2\\htdocs\\keuangan_rt\\app\\Views\\transaksi\\index.php', 120)
 2 SYSTEMPATH\View\View.php(224): include('C:\\xampp.8.2\\htdocs\\keuangan_rt\\app\\Views\\transaksi\\index.php')
 3 SYSTEMPATH\View\View.php(227): CodeIgniter\View\View->CodeIgniter\View\{closure}()
 4 SYSTEMPATH\Common.php(1173): CodeIgniter\View\View->render('transaksi/index', [], true)
 5 APPPATH\Controllers\transaksi.php(15): view('transaksi/index', [...])
 6 SYSTEMPATH\CodeIgniter.php(933): App\Controllers\Transaksi->index()
 7 SYSTEMPATH\CodeIgniter.php(507): CodeIgniter\CodeIgniter->runController(Object(App\Controllers\Transaksi))
 8 SYSTEMPATH\CodeIgniter.php(354): CodeIgniter\CodeIgniter->handleRequest(null, Object(Config\Cache), false)
 9 SYSTEMPATH\Boot.php(334): CodeIgniter\CodeIgniter->run()
10 SYSTEMPATH\Boot.php(67): CodeIgniter\Boot::runCodeIgniter(Object(CodeIgniter\CodeIgniter))
11 FCPATH\index.php(56): CodeIgniter\Boot::bootWeb(Object(Config\Paths))
12 SYSTEMPATH\rewrite.php(44): require_once('C:\\xampp.8.2\\htdocs\\keuangan_rt\\public\\index.php')
CRITICAL - 2025-06-23 15:09:17 --> ErrorException: Undefined array key "kategori"
[Method: GET, Route: transaksi]
in APPPATH\Views\transaksi\index.php on line 120.
 1 APPPATH\Views\transaksi\index.php(120): CodeIgniter\Debug\Exceptions->errorHandler(2, 'Undefined array key "kategori"', 'C:\\xampp.8.2\\htdocs\\keuangan_rt\\app\\Views\\transaksi\\index.php', 120)
 2 SYSTEMPATH\View\View.php(224): include('C:\\xampp.8.2\\htdocs\\keuangan_rt\\app\\Views\\transaksi\\index.php')
 3 SYSTEMPATH\View\View.php(227): CodeIgniter\View\View->CodeIgniter\View\{closure}()
 4 SYSTEMPATH\Common.php(1173): CodeIgniter\View\View->render('transaksi/index', [], true)
 5 APPPATH\Controllers\transaksi.php(15): view('transaksi/index', [...])
 6 SYSTEMPATH\CodeIgniter.php(933): App\Controllers\Transaksi->index()
 7 SYSTEMPATH\CodeIgniter.php(507): CodeIgniter\CodeIgniter->runController(Object(App\Controllers\Transaksi))
 8 SYSTEMPATH\CodeIgniter.php(354): CodeIgniter\CodeIgniter->handleRequest(null, Object(Config\Cache), false)
 9 SYSTEMPATH\Boot.php(334): CodeIgniter\CodeIgniter->run()
10 SYSTEMPATH\Boot.php(67): CodeIgniter\Boot::runCodeIgniter(Object(CodeIgniter\CodeIgniter))
11 FCPATH\index.php(56): CodeIgniter\Boot::bootWeb(Object(Config\Paths))
12 SYSTEMPATH\rewrite.php(44): require_once('C:\\xampp.8.2\\htdocs\\keuangan_rt\\public\\index.php')
CRITICAL - 2025-06-23 15:17:11 --> ParseError: syntax error, unexpected token "protected", expecting "{"
[Method: GET, Route: /]
in APPPATH\Models\TransaksiModel.php on line 9.
 1 SYSTEMPATH\Autoloader\Autoloader.php(295): CodeIgniter\Autoloader\Autoloader->includeFile('C:\\xampp.8.2\\htdocs\\keuangan_rt\\app\\Models\\TransaksiModel.php')
 2 SYSTEMPATH\Autoloader\Autoloader.php(271): CodeIgniter\Autoloader\Autoloader->loadInNamespace('App\\Models\\TransaksiModel')
 3 APPPATH\Controllers\Dashboard.php(15): CodeIgniter\Autoloader\Autoloader->loadClass('App\\Models\\TransaksiModel')
 4 SYSTEMPATH\CodeIgniter.php(933): App\Controllers\Dashboard->index()
 5 SYSTEMPATH\CodeIgniter.php(507): CodeIgniter\CodeIgniter->runController(Object(App\Controllers\Dashboard))
 6 SYSTEMPATH\CodeIgniter.php(354): CodeIgniter\CodeIgniter->handleRequest(null, Object(Config\Cache), false)
 7 SYSTEMPATH\Boot.php(334): CodeIgniter\CodeIgniter->run()
 8 SYSTEMPATH\Boot.php(67): CodeIgniter\Boot::runCodeIgniter(Object(CodeIgniter\CodeIgniter))
 9 FCPATH\index.php(56): CodeIgniter\Boot::bootWeb(Object(Config\Paths))
10 SYSTEMPATH\rewrite.php(44): require_once('C:\\xampp.8.2\\htdocs\\keuangan_rt\\public\\index.php')
DEBUG - 2025-06-23 15:19:55 --> Session: Class initialized using 'CodeIgniter\Session\Handlers\FileHandler' driver.
ERROR - 2025-06-23 15:54:25 --> mysqli_sql_exception: Table 'keuangan_rt.user' doesn't exist in C:\xampp.8.2\htdocs\keuangan_rt\system\Database\MySQLi\Connection.php:327
Stack trace:
#0 C:\xampp.8.2\htdocs\keuangan_rt\system\Database\MySQLi\Connection.php(327): mysqli->query('SELECT *\nFROM `...', 0)
#1 C:\xampp.8.2\htdocs\keuangan_rt\system\Database\BaseConnection.php(738): CodeIgniter\Database\MySQLi\Connection->execute('SELECT *\nFROM `...')
#2 C:\xampp.8.2\htdocs\keuangan_rt\system\Database\BaseConnection.php(652): CodeIgniter\Database\BaseConnection->simpleQuery('SELECT *\nFROM `...')
#3 C:\xampp.8.2\htdocs\keuangan_rt\system\Database\BaseBuilder.php(1649): CodeIgniter\Database\BaseConnection->query('SELECT *\nFROM `...', Array, false)
#4 C:\xampp.8.2\htdocs\keuangan_rt\system\Model.php(210): CodeIgniter\Database\BaseBuilder->get()
#5 C:\xampp.8.2\htdocs\keuangan_rt\system\BaseModel.php(609): CodeIgniter\Model->doFind(true, 1)
#6 C:\xampp.8.2\htdocs\keuangan_rt\app\Controllers\Pengguna.php(21): CodeIgniter\BaseModel->find(1)
#7 C:\xampp.8.2\htdocs\keuangan_rt\system\CodeIgniter.php(933): App\Controllers\Pengguna->profil()
#8 C:\xampp.8.2\htdocs\keuangan_rt\system\CodeIgniter.php(507): CodeIgniter\CodeIgniter->runController(Object(App\Controllers\Pengguna))
#9 C:\xampp.8.2\htdocs\keuangan_rt\system\CodeIgniter.php(354): CodeIgniter\CodeIgniter->handleRequest(NULL, Object(Config\Cache), false)
#10 C:\xampp.8.2\htdocs\keuangan_rt\system\Boot.php(334): CodeIgniter\CodeIgniter->run()
#11 C:\xampp.8.2\htdocs\keuangan_rt\system\Boot.php(67): CodeIgniter\Boot::runCodeIgniter(Object(CodeIgniter\CodeIgniter))
#12 C:\xampp.8.2\htdocs\keuangan_rt\public\index.php(56): CodeIgniter\Boot::bootWeb(Object(Config\Paths))
#13 C:\xampp.8.2\htdocs\keuangan_rt\system\rewrite.php(44): require_once('C:\\xampp.8.2\\ht...')
#14 {main}
CRITICAL - 2025-06-23 15:54:25 --> CodeIgniter\Database\Exceptions\DatabaseException: Table 'keuangan_rt.user' doesn't exist
[Method: GET, Route: pengguna/profil]
in SYSTEMPATH\Database\BaseConnection.php on line 692.
 1 SYSTEMPATH\Database\BaseBuilder.php(1649): CodeIgniter\Database\BaseConnection->query('SELECT *
FROM `user`
WHERE `user`.`id_user` = :user.id_user:', [...], false)
 2 SYSTEMPATH\Model.php(210): CodeIgniter\Database\BaseBuilder->get()
 3 SYSTEMPATH\BaseModel.php(609): CodeIgniter\Model->doFind(true, 1)
 4 APPPATH\Controllers\Pengguna.php(21): CodeIgniter\BaseModel->find(1)
 5 SYSTEMPATH\CodeIgniter.php(933): App\Controllers\Pengguna->profil()
 6 SYSTEMPATH\CodeIgniter.php(507): CodeIgniter\CodeIgniter->runController(Object(App\Controllers\Pengguna))
 7 SYSTEMPATH\CodeIgniter.php(354): CodeIgniter\CodeIgniter->handleRequest(null, Object(Config\Cache), false)
 8 SYSTEMPATH\Boot.php(334): CodeIgniter\CodeIgniter->run()
 9 SYSTEMPATH\Boot.php(67): CodeIgniter\Boot::runCodeIgniter(Object(CodeIgniter\CodeIgniter))
10 FCPATH\index.php(56): CodeIgniter\Boot::bootWeb(Object(Config\Paths))
11 SYSTEMPATH\rewrite.php(44): require_once('C:\\xampp.8.2\\htdocs\\keuangan_rt\\public\\index.php')
CRITICAL - 2025-06-23 15:54:25 --> [Caused by] CodeIgniter\Database\Exceptions\DatabaseException: Table 'keuangan_rt.user' doesn't exist
in SYSTEMPATH\Database\MySQLi\Connection.php on line 332.
 1 SYSTEMPATH\Database\BaseConnection.php(738): CodeIgniter\Database\MySQLi\Connection->execute('SELECT *
FROM `user`
WHERE `user`.`id_user` = 1')
 2 SYSTEMPATH\Database\BaseConnection.php(652): CodeIgniter\Database\BaseConnection->simpleQuery('SELECT *
FROM `user`
WHERE `user`.`id_user` = 1')
 3 SYSTEMPATH\Database\BaseBuilder.php(1649): CodeIgniter\Database\BaseConnection->query('SELECT *
FROM `user`
WHERE `user`.`id_user` = :user.id_user:', [...], false)
 4 SYSTEMPATH\Model.php(210): CodeIgniter\Database\BaseBuilder->get()
 5 SYSTEMPATH\BaseModel.php(609): CodeIgniter\Model->doFind(true, 1)
 6 APPPATH\Controllers\Pengguna.php(21): CodeIgniter\BaseModel->find(1)
 7 SYSTEMPATH\CodeIgniter.php(933): App\Controllers\Pengguna->profil()
 8 SYSTEMPATH\CodeIgniter.php(507): CodeIgniter\CodeIgniter->runController(Object(App\Controllers\Pengguna))
 9 SYSTEMPATH\CodeIgniter.php(354): CodeIgniter\CodeIgniter->handleRequest(null, Object(Config\Cache), false)
10 SYSTEMPATH\Boot.php(334): CodeIgniter\CodeIgniter->run()
11 SYSTEMPATH\Boot.php(67): CodeIgniter\Boot::runCodeIgniter(Object(CodeIgniter\CodeIgniter))
12 FCPATH\index.php(56): CodeIgniter\Boot::bootWeb(Object(Config\Paths))
13 SYSTEMPATH\rewrite.php(44): require_once('C:\\xampp.8.2\\htdocs\\keuangan_rt\\public\\index.php')
CRITICAL - 2025-06-23 15:54:25 --> [Caused by] mysqli_sql_exception: Table 'keuangan_rt.user' doesn't exist
in SYSTEMPATH\Database\MySQLi\Connection.php on line 327.
 1 SYSTEMPATH\Database\MySQLi\Connection.php(327): mysqli->query('SELECT *
FROM `user`
WHERE `user`.`id_user` = 1', 0)
 2 SYSTEMPATH\Database\BaseConnection.php(738): CodeIgniter\Database\MySQLi\Connection->execute('SELECT *
FROM `user`
WHERE `user`.`id_user` = 1')
 3 SYSTEMPATH\Database\BaseConnection.php(652): CodeIgniter\Database\BaseConnection->simpleQuery('SELECT *
FROM `user`
WHERE `user`.`id_user` = 1')
 4 SYSTEMPATH\Database\BaseBuilder.php(1649): CodeIgniter\Database\BaseConnection->query('SELECT *
FROM `user`
WHERE `user`.`id_user` = :user.id_user:', [...], false)
 5 SYSTEMPATH\Model.php(210): CodeIgniter\Database\BaseBuilder->get()
 6 SYSTEMPATH\BaseModel.php(609): CodeIgniter\Model->doFind(true, 1)
 7 APPPATH\Controllers\Pengguna.php(21): CodeIgniter\BaseModel->find(1)
 8 SYSTEMPATH\CodeIgniter.php(933): App\Controllers\Pengguna->profil()
 9 SYSTEMPATH\CodeIgniter.php(507): CodeIgniter\CodeIgniter->runController(Object(App\Controllers\Pengguna))
10 SYSTEMPATH\CodeIgniter.php(354): CodeIgniter\CodeIgniter->handleRequest(null, Object(Config\Cache), false)
11 SYSTEMPATH\Boot.php(334): CodeIgniter\CodeIgniter->run()
12 SYSTEMPATH\Boot.php(67): CodeIgniter\Boot::runCodeIgniter(Object(CodeIgniter\CodeIgniter))
13 FCPATH\index.php(56): CodeIgniter\Boot::bootWeb(Object(Config\Paths))
14 SYSTEMPATH\rewrite.php(44): require_once('C:\\xampp.8.2\\htdocs\\keuangan_rt\\public\\index.php')
CRITICAL - 2025-06-23 15:57:38 --> ErrorException: Trying to access array offset on value of type null
[Method: GET, Route: pengguna/profil]
in APPPATH\Views\pengguna\profil.php on line 56.
 1 APPPATH\Views\pengguna\profil.php(56): CodeIgniter\Debug\Exceptions->errorHandler(2, 'Trying to access array offset on value of type null', 'C:\\xampp.8.2\\htdocs\\keuangan_rt\\app\\Views\\pengguna\\profil.php', 56)
 2 SYSTEMPATH\View\View.php(224): include('C:\\xampp.8.2\\htdocs\\keuangan_rt\\app\\Views\\pengguna\\profil.php')
 3 SYSTEMPATH\View\View.php(227): CodeIgniter\View\View->CodeIgniter\View\{closure}()
 4 SYSTEMPATH\Common.php(1173): CodeIgniter\View\View->render('pengguna/profil', [], true)
 5 APPPATH\Controllers\Pengguna.php(24): view('pengguna/profil', [...])
 6 SYSTEMPATH\CodeIgniter.php(933): App\Controllers\Pengguna->profil()
 7 SYSTEMPATH\CodeIgniter.php(507): CodeIgniter\CodeIgniter->runController(Object(App\Controllers\Pengguna))
 8 SYSTEMPATH\CodeIgniter.php(354): CodeIgniter\CodeIgniter->handleRequest(null, Object(Config\Cache), false)
 9 SYSTEMPATH\Boot.php(334): CodeIgniter\CodeIgniter->run()
10 SYSTEMPATH\Boot.php(67): CodeIgniter\Boot::runCodeIgniter(Object(CodeIgniter\CodeIgniter))
11 FCPATH\index.php(56): CodeIgniter\Boot::bootWeb(Object(Config\Paths))
12 SYSTEMPATH\rewrite.php(44): require_once('C:\\xampp.8.2\\htdocs\\keuangan_rt\\public\\index.php')
ERROR - 2025-06-23 16:02:09 --> mysqli_sql_exception: Unknown table 'keuangan_rt.transaksi' in C:\xampp.8.2\htdocs\keuangan_rt\system\Database\MySQLi\Connection.php:327
Stack trace:
#0 C:\xampp.8.2\htdocs\keuangan_rt\system\Database\MySQLi\Connection.php(327): mysqli->query('SELECT `transak...', 0)
#1 C:\xampp.8.2\htdocs\keuangan_rt\system\Database\BaseConnection.php(738): CodeIgniter\Database\MySQLi\Connection->execute('SELECT `transak...')
#2 C:\xampp.8.2\htdocs\keuangan_rt\system\Database\BaseConnection.php(652): CodeIgniter\Database\BaseConnection->simpleQuery('SELECT `transak...')
#3 C:\xampp.8.2\htdocs\keuangan_rt\system\Database\BaseBuilder.php(1649): CodeIgniter\Database\BaseConnection->query('SELECT `transak...', Array, false)
#4 C:\xampp.8.2\htdocs\keuangan_rt\app\Models\TransaksiModel.php(73): CodeIgniter\Database\BaseBuilder->get()
#5 C:\xampp.8.2\htdocs\keuangan_rt\app\Controllers\transaksi.php(29): App\Models\TransaksiModel->getTransaksi()
#6 C:\xampp.8.2\htdocs\keuangan_rt\system\CodeIgniter.php(933): App\Controllers\Transaksi->riwayat()
#7 C:\xampp.8.2\htdocs\keuangan_rt\system\CodeIgniter.php(507): CodeIgniter\CodeIgniter->runController(Object(App\Controllers\Transaksi))
#8 C:\xampp.8.2\htdocs\keuangan_rt\system\CodeIgniter.php(354): CodeIgniter\CodeIgniter->handleRequest(NULL, Object(Config\Cache), false)
#9 C:\xampp.8.2\htdocs\keuangan_rt\system\Boot.php(334): CodeIgniter\CodeIgniter->run()
#10 C:\xampp.8.2\htdocs\keuangan_rt\system\Boot.php(67): CodeIgniter\Boot::runCodeIgniter(Object(CodeIgniter\CodeIgniter))
#11 C:\xampp.8.2\htdocs\keuangan_rt\public\index.php(56): CodeIgniter\Boot::bootWeb(Object(Config\Paths))
#12 C:\xampp.8.2\htdocs\keuangan_rt\system\rewrite.php(44): require_once('C:\\xampp.8.2\\ht...')
#13 {main}
CRITICAL - 2025-06-23 16:02:09 --> CodeIgniter\Database\Exceptions\DatabaseException: Unknown table 'keuangan_rt.transaksi'
[Method: GET, Route: transaksi/riwayat]
in SYSTEMPATH\Database\BaseConnection.php on line 692.
 1 SYSTEMPATH\Database\BaseBuilder.php(1649): CodeIgniter\Database\BaseConnection->query('SELECT `transaksi`.*, `warga`.`nama` as `nama_warga`, `user`.`nama` as `nama_user`
FROM `iuran`
LEFT JOIN `warga` ON `warga`.`id_warga` = `transaksi`.`id_warga`
LEFT JOIN `user` ON `user`.`id_user` = `transaksi`.`id_user`
ORDER BY `tanggal` DESC', [], false)
 2 APPPATH\Models\TransaksiModel.php(73): CodeIgniter\Database\BaseBuilder->get()
 3 APPPATH\Controllers\transaksi.php(29): App\Models\TransaksiModel->getTransaksi()
 4 SYSTEMPATH\CodeIgniter.php(933): App\Controllers\Transaksi->riwayat()
 5 SYSTEMPATH\CodeIgniter.php(507): CodeIgniter\CodeIgniter->runController(Object(App\Controllers\Transaksi))
 6 SYSTEMPATH\CodeIgniter.php(354): CodeIgniter\CodeIgniter->handleRequest(null, Object(Config\Cache), false)
 7 SYSTEMPATH\Boot.php(334): CodeIgniter\CodeIgniter->run()
 8 SYSTEMPATH\Boot.php(67): CodeIgniter\Boot::runCodeIgniter(Object(CodeIgniter\CodeIgniter))
 9 FCPATH\index.php(56): CodeIgniter\Boot::bootWeb(Object(Config\Paths))
10 SYSTEMPATH\rewrite.php(44): require_once('C:\\xampp.8.2\\htdocs\\keuangan_rt\\public\\index.php')
CRITICAL - 2025-06-23 16:02:09 --> [Caused by] CodeIgniter\Database\Exceptions\DatabaseException: Unknown table 'keuangan_rt.transaksi'
in SYSTEMPATH\Database\MySQLi\Connection.php on line 332.
 1 SYSTEMPATH\Database\BaseConnection.php(738): CodeIgniter\Database\MySQLi\Connection->execute('SELECT `transaksi`.*, `warga`.`nama` as `nama_warga`, `user`.`nama` as `nama_user`
FROM `iuran`
LEFT JOIN `warga` ON `warga`.`id_warga` = `transaksi`.`id_warga`
LEFT JOIN `user` ON `user`.`id_user` = `transaksi`.`id_user`
ORDER BY `tanggal` DESC')
 2 SYSTEMPATH\Database\BaseConnection.php(652): CodeIgniter\Database\BaseConnection->simpleQuery('SELECT `transaksi`.*, `warga`.`nama` as `nama_warga`, `user`.`nama` as `nama_user`
FROM `iuran`
LEFT JOIN `warga` ON `warga`.`id_warga` = `transaksi`.`id_warga`
LEFT JOIN `user` ON `user`.`id_user` = `transaksi`.`id_user`
ORDER BY `tanggal` DESC')
 3 SYSTEMPATH\Database\BaseBuilder.php(1649): CodeIgniter\Database\BaseConnection->query('SELECT `transaksi`.*, `warga`.`nama` as `nama_warga`, `user`.`nama` as `nama_user`
FROM `iuran`
LEFT JOIN `warga` ON `warga`.`id_warga` = `transaksi`.`id_warga`
LEFT JOIN `user` ON `user`.`id_user` = `transaksi`.`id_user`
ORDER BY `tanggal` DESC', [], false)
 4 APPPATH\Models\TransaksiModel.php(73): CodeIgniter\Database\BaseBuilder->get()
 5 APPPATH\Controllers\transaksi.php(29): App\Models\TransaksiModel->getTransaksi()
 6 SYSTEMPATH\CodeIgniter.php(933): App\Controllers\Transaksi->riwayat()
 7 SYSTEMPATH\CodeIgniter.php(507): CodeIgniter\CodeIgniter->runController(Object(App\Controllers\Transaksi))
 8 SYSTEMPATH\CodeIgniter.php(354): CodeIgniter\CodeIgniter->handleRequest(null, Object(Config\Cache), false)
 9 SYSTEMPATH\Boot.php(334): CodeIgniter\CodeIgniter->run()
10 SYSTEMPATH\Boot.php(67): CodeIgniter\Boot::runCodeIgniter(Object(CodeIgniter\CodeIgniter))
11 FCPATH\index.php(56): CodeIgniter\Boot::bootWeb(Object(Config\Paths))
12 SYSTEMPATH\rewrite.php(44): require_once('C:\\xampp.8.2\\htdocs\\keuangan_rt\\public\\index.php')
CRITICAL - 2025-06-23 16:02:09 --> [Caused by] mysqli_sql_exception: Unknown table 'keuangan_rt.transaksi'
in SYSTEMPATH\Database\MySQLi\Connection.php on line 327.
 1 SYSTEMPATH\Database\MySQLi\Connection.php(327): mysqli->query('SELECT `transaksi`.*, `warga`.`nama` as `nama_warga`, `user`.`nama` as `nama_user`
FROM `iuran`
LEFT JOIN `warga` ON `warga`.`id_warga` = `transaksi`.`id_warga`
LEFT JOIN `user` ON `user`.`id_user` = `transaksi`.`id_user`
ORDER BY `tanggal` DESC', 0)
 2 SYSTEMPATH\Database\BaseConnection.php(738): CodeIgniter\Database\MySQLi\Connection->execute('SELECT `transaksi`.*, `warga`.`nama` as `nama_warga`, `user`.`nama` as `nama_user`
FROM `iuran`
LEFT JOIN `warga` ON `warga`.`id_warga` = `transaksi`.`id_warga`
LEFT JOIN `user` ON `user`.`id_user` = `transaksi`.`id_user`
ORDER BY `tanggal` DESC')
 3 SYSTEMPATH\Database\BaseConnection.php(652): CodeIgniter\Database\BaseConnection->simpleQuery('SELECT `transaksi`.*, `warga`.`nama` as `nama_warga`, `user`.`nama` as `nama_user`
FROM `iuran`
LEFT JOIN `warga` ON `warga`.`id_warga` = `transaksi`.`id_warga`
LEFT JOIN `user` ON `user`.`id_user` = `transaksi`.`id_user`
ORDER BY `tanggal` DESC')
 4 SYSTEMPATH\Database\BaseBuilder.php(1649): CodeIgniter\Database\BaseConnection->query('SELECT `transaksi`.*, `warga`.`nama` as `nama_warga`, `user`.`nama` as `nama_user`
FROM `iuran`
LEFT JOIN `warga` ON `warga`.`id_warga` = `transaksi`.`id_warga`
LEFT JOIN `user` ON `user`.`id_user` = `transaksi`.`id_user`
ORDER BY `tanggal` DESC', [], false)
 5 APPPATH\Models\TransaksiModel.php(73): CodeIgniter\Database\BaseBuilder->get()
 6 APPPATH\Controllers\transaksi.php(29): App\Models\TransaksiModel->getTransaksi()
 7 SYSTEMPATH\CodeIgniter.php(933): App\Controllers\Transaksi->riwayat()
 8 SYSTEMPATH\CodeIgniter.php(507): CodeIgniter\CodeIgniter->runController(Object(App\Controllers\Transaksi))
 9 SYSTEMPATH\CodeIgniter.php(354): CodeIgniter\CodeIgniter->handleRequest(null, Object(Config\Cache), false)
10 SYSTEMPATH\Boot.php(334): CodeIgniter\CodeIgniter->run()
11 SYSTEMPATH\Boot.php(67): CodeIgniter\Boot::runCodeIgniter(Object(CodeIgniter\CodeIgniter))
12 FCPATH\index.php(56): CodeIgniter\Boot::bootWeb(Object(Config\Paths))
13 SYSTEMPATH\rewrite.php(44): require_once('C:\\xampp.8.2\\htdocs\\keuangan_rt\\public\\index.php')
ERROR - 2025-06-23 16:04:10 --> mysqli_sql_exception: Unknown table 'keuangan_rt.transaksi' in C:\xampp.8.2\htdocs\keuangan_rt\system\Database\MySQLi\Connection.php:327
Stack trace:
#0 C:\xampp.8.2\htdocs\keuangan_rt\system\Database\MySQLi\Connection.php(327): mysqli->query('SELECT `transak...', 0)
#1 C:\xampp.8.2\htdocs\keuangan_rt\system\Database\BaseConnection.php(738): CodeIgniter\Database\MySQLi\Connection->execute('SELECT `transak...')
#2 C:\xampp.8.2\htdocs\keuangan_rt\system\Database\BaseConnection.php(652): CodeIgniter\Database\BaseConnection->simpleQuery('SELECT `transak...')
#3 C:\xampp.8.2\htdocs\keuangan_rt\system\Database\BaseBuilder.php(1649): CodeIgniter\Database\BaseConnection->query('SELECT `transak...', Array, false)
#4 C:\xampp.8.2\htdocs\keuangan_rt\app\Models\TransaksiModel.php(73): CodeIgniter\Database\BaseBuilder->get()
#5 C:\xampp.8.2\htdocs\keuangan_rt\app\Controllers\transaksi.php(27): App\Models\TransaksiModel->getTransaksi()
#6 C:\xampp.8.2\htdocs\keuangan_rt\system\CodeIgniter.php(933): App\Controllers\Transaksi->riwayat()
#7 C:\xampp.8.2\htdocs\keuangan_rt\system\CodeIgniter.php(507): CodeIgniter\CodeIgniter->runController(Object(App\Controllers\Transaksi))
#8 C:\xampp.8.2\htdocs\keuangan_rt\system\CodeIgniter.php(354): CodeIgniter\CodeIgniter->handleRequest(NULL, Object(Config\Cache), false)
#9 C:\xampp.8.2\htdocs\keuangan_rt\system\Boot.php(334): CodeIgniter\CodeIgniter->run()
#10 C:\xampp.8.2\htdocs\keuangan_rt\system\Boot.php(67): CodeIgniter\Boot::runCodeIgniter(Object(CodeIgniter\CodeIgniter))
#11 C:\xampp.8.2\htdocs\keuangan_rt\public\index.php(56): CodeIgniter\Boot::bootWeb(Object(Config\Paths))
#12 C:\xampp.8.2\htdocs\keuangan_rt\system\rewrite.php(44): require_once('C:\\xampp.8.2\\ht...')
#13 {main}
CRITICAL - 2025-06-23 16:04:10 --> CodeIgniter\Database\Exceptions\DatabaseException: Unknown table 'keuangan_rt.transaksi'
[Method: GET, Route: transaksi/riwayat]
in SYSTEMPATH\Database\BaseConnection.php on line 692.
 1 SYSTEMPATH\Database\BaseBuilder.php(1649): CodeIgniter\Database\BaseConnection->query('SELECT `transaksi`.*, `warga`.`nama` as `nama_warga`, `user`.`nama` as `nama_user`
FROM `iuran`
LEFT JOIN `warga` ON `warga`.`id_warga` = `transaksi`.`id_warga`
LEFT JOIN `user` ON `user`.`id_user` = `transaksi`.`id_user`
ORDER BY `tanggal` DESC', [], false)
 2 APPPATH\Models\TransaksiModel.php(73): CodeIgniter\Database\BaseBuilder->get()
 3 APPPATH\Controllers\transaksi.php(27): App\Models\TransaksiModel->getTransaksi()
 4 SYSTEMPATH\CodeIgniter.php(933): App\Controllers\Transaksi->riwayat()
 5 SYSTEMPATH\CodeIgniter.php(507): CodeIgniter\CodeIgniter->runController(Object(App\Controllers\Transaksi))
 6 SYSTEMPATH\CodeIgniter.php(354): CodeIgniter\CodeIgniter->handleRequest(null, Object(Config\Cache), false)
 7 SYSTEMPATH\Boot.php(334): CodeIgniter\CodeIgniter->run()
 8 SYSTEMPATH\Boot.php(67): CodeIgniter\Boot::runCodeIgniter(Object(CodeIgniter\CodeIgniter))
 9 FCPATH\index.php(56): CodeIgniter\Boot::bootWeb(Object(Config\Paths))
10 SYSTEMPATH\rewrite.php(44): require_once('C:\\xampp.8.2\\htdocs\\keuangan_rt\\public\\index.php')
CRITICAL - 2025-06-23 16:04:10 --> [Caused by] CodeIgniter\Database\Exceptions\DatabaseException: Unknown table 'keuangan_rt.transaksi'
in SYSTEMPATH\Database\MySQLi\Connection.php on line 332.
 1 SYSTEMPATH\Database\BaseConnection.php(738): CodeIgniter\Database\MySQLi\Connection->execute('SELECT `transaksi`.*, `warga`.`nama` as `nama_warga`, `user`.`nama` as `nama_user`
FROM `iuran`
LEFT JOIN `warga` ON `warga`.`id_warga` = `transaksi`.`id_warga`
LEFT JOIN `user` ON `user`.`id_user` = `transaksi`.`id_user`
ORDER BY `tanggal` DESC')
 2 SYSTEMPATH\Database\BaseConnection.php(652): CodeIgniter\Database\BaseConnection->simpleQuery('SELECT `transaksi`.*, `warga`.`nama` as `nama_warga`, `user`.`nama` as `nama_user`
FROM `iuran`
LEFT JOIN `warga` ON `warga`.`id_warga` = `transaksi`.`id_warga`
LEFT JOIN `user` ON `user`.`id_user` = `transaksi`.`id_user`
ORDER BY `tanggal` DESC')
 3 SYSTEMPATH\Database\BaseBuilder.php(1649): CodeIgniter\Database\BaseConnection->query('SELECT `transaksi`.*, `warga`.`nama` as `nama_warga`, `user`.`nama` as `nama_user`
FROM `iuran`
LEFT JOIN `warga` ON `warga`.`id_warga` = `transaksi`.`id_warga`
LEFT JOIN `user` ON `user`.`id_user` = `transaksi`.`id_user`
ORDER BY `tanggal` DESC', [], false)
 4 APPPATH\Models\TransaksiModel.php(73): CodeIgniter\Database\BaseBuilder->get()
 5 APPPATH\Controllers\transaksi.php(27): App\Models\TransaksiModel->getTransaksi()
 6 SYSTEMPATH\CodeIgniter.php(933): App\Controllers\Transaksi->riwayat()
 7 SYSTEMPATH\CodeIgniter.php(507): CodeIgniter\CodeIgniter->runController(Object(App\Controllers\Transaksi))
 8 SYSTEMPATH\CodeIgniter.php(354): CodeIgniter\CodeIgniter->handleRequest(null, Object(Config\Cache), false)
 9 SYSTEMPATH\Boot.php(334): CodeIgniter\CodeIgniter->run()
10 SYSTEMPATH\Boot.php(67): CodeIgniter\Boot::runCodeIgniter(Object(CodeIgniter\CodeIgniter))
11 FCPATH\index.php(56): CodeIgniter\Boot::bootWeb(Object(Config\Paths))
12 SYSTEMPATH\rewrite.php(44): require_once('C:\\xampp.8.2\\htdocs\\keuangan_rt\\public\\index.php')
CRITICAL - 2025-06-23 16:04:10 --> [Caused by] mysqli_sql_exception: Unknown table 'keuangan_rt.transaksi'
in SYSTEMPATH\Database\MySQLi\Connection.php on line 327.
 1 SYSTEMPATH\Database\MySQLi\Connection.php(327): mysqli->query('SELECT `transaksi`.*, `warga`.`nama` as `nama_warga`, `user`.`nama` as `nama_user`
FROM `iuran`
LEFT JOIN `warga` ON `warga`.`id_warga` = `transaksi`.`id_warga`
LEFT JOIN `user` ON `user`.`id_user` = `transaksi`.`id_user`
ORDER BY `tanggal` DESC', 0)
 2 SYSTEMPATH\Database\BaseConnection.php(738): CodeIgniter\Database\MySQLi\Connection->execute('SELECT `transaksi`.*, `warga`.`nama` as `nama_warga`, `user`.`nama` as `nama_user`
FROM `iuran`
LEFT JOIN `warga` ON `warga`.`id_warga` = `transaksi`.`id_warga`
LEFT JOIN `user` ON `user`.`id_user` = `transaksi`.`id_user`
ORDER BY `tanggal` DESC')
 3 SYSTEMPATH\Database\BaseConnection.php(652): CodeIgniter\Database\BaseConnection->simpleQuery('SELECT `transaksi`.*, `warga`.`nama` as `nama_warga`, `user`.`nama` as `nama_user`
FROM `iuran`
LEFT JOIN `warga` ON `warga`.`id_warga` = `transaksi`.`id_warga`
LEFT JOIN `user` ON `user`.`id_user` = `transaksi`.`id_user`
ORDER BY `tanggal` DESC')
 4 SYSTEMPATH\Database\BaseBuilder.php(1649): CodeIgniter\Database\BaseConnection->query('SELECT `transaksi`.*, `warga`.`nama` as `nama_warga`, `user`.`nama` as `nama_user`
FROM `iuran`
LEFT JOIN `warga` ON `warga`.`id_warga` = `transaksi`.`id_warga`
LEFT JOIN `user` ON `user`.`id_user` = `transaksi`.`id_user`
ORDER BY `tanggal` DESC', [], false)
 5 APPPATH\Models\TransaksiModel.php(73): CodeIgniter\Database\BaseBuilder->get()
 6 APPPATH\Controllers\transaksi.php(27): App\Models\TransaksiModel->getTransaksi()
 7 SYSTEMPATH\CodeIgniter.php(933): App\Controllers\Transaksi->riwayat()
 8 SYSTEMPATH\CodeIgniter.php(507): CodeIgniter\CodeIgniter->runController(Object(App\Controllers\Transaksi))
 9 SYSTEMPATH\CodeIgniter.php(354): CodeIgniter\CodeIgniter->handleRequest(null, Object(Config\Cache), false)
10 SYSTEMPATH\Boot.php(334): CodeIgniter\CodeIgniter->run()
11 SYSTEMPATH\Boot.php(67): CodeIgniter\Boot::runCodeIgniter(Object(CodeIgniter\CodeIgniter))
12 FCPATH\index.php(56): CodeIgniter\Boot::bootWeb(Object(Config\Paths))
13 SYSTEMPATH\rewrite.php(44): require_once('C:\\xampp.8.2\\htdocs\\keuangan_rt\\public\\index.php')
